<?xml version="1.0" encoding="UTF-8"?>
<testsuites>
  <testsuite name="UserTest" filepath="/rails_app/test/system/article/list_test.rb" skipped="0" failures="2" errors="1" tests="3" assertions="2" time="15.990725999999995">
    <testcase name="test_should_work_searching_function" lineno="11" classname="UserTest" assertions="0" time="10.584001800001715">
    <error type="Capybara::ElementNotFound" message="Capybara::ElementNotFound: Unable to find css &quot;#title&quot;...">
Failure:
test_should_work_searching_function(Minitest::Result) [/usr/local/bundle/gems/capybara-3.25.0/lib/capybara/node/finders.rb:296]:
Capybara::ElementNotFound: Unable to find css "#title"
    test/system/article/list_test.rb:15:in `block in &lt;class:UserTest&gt;'
    </error>
    </testcase>
    <testcase name="test_should_get_user_page" lineno="5" classname="UserTest" assertions="1" time="2.861820699999953">
    <failure type="Minitest::Assertion" message="Expected false to be truthy.">
Failure:
test_should_get_user_page(Minitest::Result) [/rails_app/test/system/user/list_test.rb:8]:
Expected false to be truthy.
    </failure>
    </testcase>
    <testcase name="test_should_get_article_page" lineno="5" classname="UserTest" assertions="1" time="2.544903499998327">
    <failure type="Minitest::Assertion" message="Expected false to be truthy.">
Failure:
test_should_get_article_page(Minitest::Result) [/rails_app/test/system/article/list_test.rb:8]:
Expected false to be truthy.
    </failure>
    </testcase>
  </testsuite>
</testsuites>
